::1 - - [03/Jul/2019:08:13:41 +0000] "GET / HTTP/1.1" 304 - "-" "Mozilla/5.0 (X11; Linux x86_64) AppleWebKit/537.36 (KHTML, like Gecko) Chrome/74.0.3729.157 Safari/537.36"
::1 - - [03/Jul/2019:08:13:41 +0000] "GET /css/main.css HTTP/1.1" 304 - "http://localhost:13000/" "Mozilla/5.0 (X11; Linux x86_64) AppleWebKit/537.36 (KHTML, like Gecko) Chrome/74.0.3729.157 Safari/537.36"
::1 - - [03/Jul/2019:08:13:41 +0000] "GET /js/main.js HTTP/1.1" 304 - "http://localhost:13000/" "Mozilla/5.0 (X11; Linux x86_64) AppleWebKit/537.36 (KHTML, like Gecko) Chrome/74.0.3729.157 Safari/537.36"
::1 - - [03/Jul/2019:08:13:41 +0000] "GET /css/product.css HTTP/1.1" 304 - "http://localhost:13000/" "Mozilla/5.0 (X11; Linux x86_64) AppleWebKit/537.36 (KHTML, like Gecko) Chrome/74.0.3729.157 Safari/537.36"
::1 - - [03/Jul/2019:08:13:41 +0000] "GET /images/2019-07-03T06:15:18.824Z-golden-soccer-ball-3yLR9z1-600.png HTTP/1.1" 304 - "http://localhost:13000/" "Mozilla/5.0 (X11; Linux x86_64) AppleWebKit/537.36 (KHTML, like Gecko) Chrome/74.0.3729.157 Safari/537.36"
::1 - - [03/Jul/2019:08:13:50 +0000] "GET / HTTP/1.1" 304 - "-" "Mozilla/5.0 (X11; Linux x86_64) AppleWebKit/537.36 (KHTML, like Gecko) Chrome/74.0.3729.157 Safari/537.36"
::1 - - [03/Jul/2019:08:13:50 +0000] "GET /css/main.css HTTP/1.1" 304 - "http://localhost:13000/" "Mozilla/5.0 (X11; Linux x86_64) AppleWebKit/537.36 (KHTML, like Gecko) Chrome/74.0.3729.157 Safari/537.36"
::1 - - [03/Jul/2019:08:13:50 +0000] "GET /css/product.css HTTP/1.1" 304 - "http://localhost:13000/" "Mozilla/5.0 (X11; Linux x86_64) AppleWebKit/537.36 (KHTML, like Gecko) Chrome/74.0.3729.157 Safari/537.36"
::1 - - [03/Jul/2019:08:13:50 +0000] "GET /images/2019-07-03T06:15:18.824Z-golden-soccer-ball-3yLR9z1-600.png HTTP/1.1" 304 - "http://localhost:13000/" "Mozilla/5.0 (X11; Linux x86_64) AppleWebKit/537.36 (KHTML, like Gecko) Chrome/74.0.3729.157 Safari/537.36"
::1 - - [03/Jul/2019:08:13:50 +0000] "GET /js/main.js HTTP/1.1" 304 - "http://localhost:13000/" "Mozilla/5.0 (X11; Linux x86_64) AppleWebKit/537.36 (KHTML, like Gecko) Chrome/74.0.3729.157 Safari/537.36"
::1 - - [03/Jul/2019:08:28:35 +0000] "GET / HTTP/1.1" 200 - "-" "Mozilla/5.0 (X11; Linux x86_64) AppleWebKit/537.36 (KHTML, like Gecko) Chrome/74.0.3729.157 Safari/537.36"
::1 - - [03/Jul/2019:08:28:35 +0000] "GET /css/main.css HTTP/1.1" 200 - "https://localhost:13000/" "Mozilla/5.0 (X11; Linux x86_64) AppleWebKit/537.36 (KHTML, like Gecko) Chrome/74.0.3729.157 Safari/537.36"
::1 - - [03/Jul/2019:08:28:35 +0000] "GET /css/product.css HTTP/1.1" 200 379 "https://localhost:13000/" "Mozilla/5.0 (X11; Linux x86_64) AppleWebKit/537.36 (KHTML, like Gecko) Chrome/74.0.3729.157 Safari/537.36"
::1 - - [03/Jul/2019:08:28:35 +0000] "GET /js/main.js HTTP/1.1" 200 518 "https://localhost:13000/" "Mozilla/5.0 (X11; Linux x86_64) AppleWebKit/537.36 (KHTML, like Gecko) Chrome/74.0.3729.157 Safari/537.36"
::1 - - [03/Jul/2019:08:28:35 +0000] "GET /images/2019-07-03T06:15:18.824Z-golden-soccer-ball-3yLR9z1-600.png HTTP/1.1" 200 140492 "https://localhost:13000/" "Mozilla/5.0 (X11; Linux x86_64) AppleWebKit/537.36 (KHTML, like Gecko) Chrome/74.0.3729.157 Safari/537.36"
::1 - - [03/Jul/2019:08:28:35 +0000] "GET /favicon.ico HTTP/1.1" 404 - "https://localhost:13000/" "Mozilla/5.0 (X11; Linux x86_64) AppleWebKit/537.36 (KHTML, like Gecko) Chrome/74.0.3729.157 Safari/537.36"
::1 - - [03/Jul/2019:08:30:13 +0000] "GET / HTTP/1.1" 304 - "-" "Mozilla/5.0 (X11; Linux x86_64) AppleWebKit/537.36 (KHTML, like Gecko) Chrome/74.0.3729.157 Safari/537.36"
::1 - - [03/Jul/2019:08:30:13 +0000] "GET /css/main.css HTTP/1.1" 304 - "http://localhost:13000/" "Mozilla/5.0 (X11; Linux x86_64) AppleWebKit/537.36 (KHTML, like Gecko) Chrome/74.0.3729.157 Safari/537.36"
::1 - - [03/Jul/2019:08:30:13 +0000] "GET /css/product.css HTTP/1.1" 304 - "http://localhost:13000/" "Mozilla/5.0 (X11; Linux x86_64) AppleWebKit/537.36 (KHTML, like Gecko) Chrome/74.0.3729.157 Safari/537.36"
::1 - - [03/Jul/2019:08:30:13 +0000] "GET /images/2019-07-03T06:15:18.824Z-golden-soccer-ball-3yLR9z1-600.png HTTP/1.1" 304 - "http://localhost:13000/" "Mozilla/5.0 (X11; Linux x86_64) AppleWebKit/537.36 (KHTML, like Gecko) Chrome/74.0.3729.157 Safari/537.36"
::1 - - [03/Jul/2019:08:30:13 +0000] "GET /js/main.js HTTP/1.1" 304 - "http://localhost:13000/" "Mozilla/5.0 (X11; Linux x86_64) AppleWebKit/537.36 (KHTML, like Gecko) Chrome/74.0.3729.157 Safari/537.36"
